<mxfile userAgent="Mozilla/5.0 (Windows NT 10.0) AppleWebKit/537.36 (KHTML, like Gecko) Chrome/69.0.3497.100 Safari/537.36" version="9.1.8" editor="www.draw.io" type="github"><diagram name="Page-1" id="74e2e168-ea6b-b213-b513-2b3c1d86103e">5Vlbc6M2GP01flwPkrg+xkl2+7Cdzcy20/Ypo4CC1RXII4Qd99dXGMkghNd4TTLZlhdbn+7nfFdYoNvi5ZPAm/WvPCNsAb3sZYHuFhAC4IXqp5HsW0kQoFaQC5rpQZ3gK/2HaKGnpTXNSGUNlJwzSTe2MOVlSVJpybAQfGcPe+bM3nWDc+IIvqaYudI/aCbXx3t5XccvhOZrvXUc6I4nnH7LBa9Lvd8CoufD03YX2Kylx1drnPFdT4TuF+hWcC7bf8XLLWENtga2dt7HE73HcwtSyikTNC1bzGpiTnw4l9wbLA63Ic14sEArLFJNl+IKrTJcrQ99TaOSgn8jt5xxcZiKvMOjep4pY0Ze8lJNX+UCZ1SdciBu1zCgKzxW7pX0LbdESPLSE+krfiK8IFLs1RDdm2i0tTb6eoFdR21gCFz3WA1golVKq1N+XLmDVP3RqI4j7J9H2AJxLQumsVbKsWmGFC95Y2ZLvKvQckuFrDF73Ai6xZI8pozX2QBiBf3HIA5QeBpna88ZIAbIxthoVh9j6EKMwusRhsF5iEmm7Fs3uZBrnvMSs/tOuurUfMDC30TKvdZ5XEuuRN0Knznf6HEKO7H/s5m/DEzzL7v5QARV1yPiHO4Vr0Wqjx61ouYGtkPEIid6GgzHyRGEYUm39sQxrPXUB07VSY6k+klsk+oF9hLtGfSsAWPHY0wiMTrPIa8lo6XyL8bnOw6oUVeqvPhn/ETYA6+opLxUfU9cSl70BtwwmjcdsmFvhXUrVTQ03Jy1wbSu1HpEPObKAnd4f7n5zWBxwcCrwdhzTA7GIybnXW9yADh03ZHtFxWdh6Q1wXAz/bbHkI6fzAred1Fw/I7vogD8EecOwAw4xD9l+Jyuam8CYjJzhNwQUdCqUqZfuYZ5l9xEPvjxuHixmcbLKOk/kaWuH6C3hCD0QZQAz/ejKHTjplrCsx7fJaLZBgHkIxijIIbeDIkLmKDc78cl44Ke8ML+RV74Yn59O0QiOCnv8WfIe0AyZ5rTpS8Tk5epedGkJMcoWz+pGU98rkhyJieUnqP5v5GqyYvuS5V+87IgOt95T45+3JBmSDRgYIfY2C2fQDgWHObwQtDNNN5xdLgcWtt7BMEycMBFI9iiYAZo0Zz+4+oy6aoiyWjFq/qPE0VSmFgcgmSQE50okm6EwPvesE0zoDq9T2jivtkHoQHb7Yo/WoEZCP9f8f5Si0XAtthjBvwGAR+GDkO/VwqtIUsGsLpgN6lsADhPC2s6Vse3lz1Q9fvLU8z1iBrVjhkwj6JBjRdOc5LhDMXJSIn3IHj2E+cCIzW3w853AhYyEcq8TIVjMesVE4L3Xi5eh28Ihvh6roN5rYwAAQfKWSoKO9If+66rKJwXomdSBAOakyK8QUWB3Irivxlbr1J+BB3lD/wR5zJTfFXN7kNbmzB1XzPR/b8=</diagram></mxfile>