<mxfile userAgent="Mozilla/5.0 (Windows NT 10.0) AppleWebKit/537.36 (KHTML, like Gecko) Chrome/69.0.3497.100 Safari/537.36" version="9.2.1" editor="www.draw.io" type="github"><diagram name="Page-1" id="74e2e168-ea6b-b213-b513-2b3c1d86103e">7Vlbj6M2GP01edwIYwzkcTIzu9Vqq440rdp9GjngIe4YjIzJpb++JjEBY9iQDalmteUl+PP9nO9KZvA+3X0SOF//ymPCZq4T72bwYea6ADi++qkk+6MEIXgUJILGelAjeKb/EC10tLSkMSmMgZJzJmluCiOeZSSShgwLwbfmsFfOzF1znBBL8BxhZkv/pLFcn+7lNB2/EJqs9dYh0h0rHL0lgpeZ3m/mwtfDc+xOcb2WHl+sccy3LRF8nMF7wbk8vqW7e8IqbGvYjvM+DvSezi1IJsdM0LRsMCtJfeLDueS+xuJwG1KNBzO4xCLSdCmu4DLGxfrQVzUKKfgbueeMi8NU6Bwe1fNKGavlGc/U9GUicEzVKTvi4xo16AqPpX0lfcsNEZLsWiJ9xU+Ep0SKvRqiexcaba2Nnl5g21CLagLXLVaRu9AqpdUpOa3cQKpeNKr9CHvnETZAXMuUaayVcuTVkHSXVGY2x9sCzjdUyBKzl1zQDZbkJWK8jDsQK+g/ohBBfxhnY88JIAbQxLjWrDbGrg0x9K9H2EXnISaxsm/d5EKuecIzzB4b6bJR8w4LfxMp91rncSm5EjUrfOE81+MUdmL/VzV/jurmV7P5RARV1yPiHO4FL0Wkjx5o/4dFQvQoV6NW3eqb5AjCsKQb06v1Ya2nPnGqTnIi1VuEJqkOMpc4HkrP6jB2OsYoEoPzHPJSMpop/1L7fMsBVepKlRf/gleEPfGCSsoz1bfiUvK0NeCO0aTqkBV7S6xbkaKh4uasDUZlodYj4iVRFrjF+8vNbwKLQx2v5oaOZXJu2GNyzvUmB4BF1wPZ/Kaic5e0Khjm4297Cul4Va/gfBMFy+94NgrA63HuAE2AQ/hDhs/xqvafgLiYOELmRKS0KJTpF7ZhPizuAg98f1y82EzDebBoP4Ghrh9cZ+4C3wPBAjieFwS+HTfVEo7xeDYR1TYQQA+6IUSh60yQuIARyv1+XDJO6YAX9i7ywhfz65khErqj8h5vgrwH2sn7Z5K9UaX2rs/URsuVUG9J9XaXFbTyqFbHs8pihC22mFZoyA4NhrvSiPZ4KovKLuMpjeNDCrZdU0mec3zIfLaKWystG4waNoeDhLlmwAiRHS+cvmJgirC5sHC9IjFtEs6R6ebYTHYwXLfT0to9tPNS7dumS0tHlwCOZQq/k6LKZB8zVTDxLCU6Q31Pobnf9Y1PlgZVHELP1HG74AV+XzifIm64dm74juP55dAGc2SAi06CFrywB12IJgAXTulBri5trypsa724qQcZKGz9hcEhWHS8+0BheycE3reG5dWAYngf3zENEeiY3bB9XPF7q+Yawp8rR7vYZsOuzQLg9hjtrRK1+nNNi6U/CoVYl6katDJld5HkYgw1rOpYnr46t4DV352H2GuR1ashE+AeBJ3a3B/nKP0JUq2e0vxJ8PjnzQi6JuC5qMcEbpgW/FBl/sX4eqiLr2N/iLpVVgCBBeUkdYUZ7U99N60raozeRV0B7bri//hqfwJxLOVH3u3iq2o2f5Aek6bmX2j4+C8=</diagram></mxfile>