<mxfile userAgent="Mozilla/5.0 (Windows NT 10.0) AppleWebKit/537.36 (KHTML, like Gecko) Chrome/69.0.3497.100 Safari/537.36" version="9.2.1" editor="www.draw.io" type="github"><diagram name="Page-1" id="74e2e168-ea6b-b213-b513-2b3c1d86103e">7Vpbc6M2GP01fqwHXbg9xkk2nc52mpm00+5TRjEKVgPII+Rbf32FEQYhiHGMM9ns+sXmk9DlnO8qeYKu0+2dIMvF7zyiyQQ60XaCbiYQAuB46quQ7EqJ66JSEAsW6U614IH9R7XQ0dIVi2hudJScJ5ItTeGcZxmdS0NGhOAbs9szT8xZlySmluBhThJb+jeL5OKwL6du+JWyeKGnDlzd8ETmL7Hgq0zPN4Hoef8pm1NSjaX75wsS8U1DhG4n6FpwLstf6faaJgW2FWzle196Wg/rFjSTQ17QtKxJsqLVivfrkrsKi/1uaNEfTNCMiLmmS3GFZhHJF/u24iGXgr/Qa55wsX8VOfuPanlmSVLJM56p12exIBFTq2yJyzEq0BUeM3tLepdrKiTdNkR6i3eUp1SKneqiW0ONttZGrAfY1NS6FYGLBqsuDLVKaXWKDyPXkKofGtVuhPFxhA0QFzJNNNZKOZZFl3QbF2Y2JZscTddMyBVJHpeCrYmkj/OEr6IWxAr6L27gIq8fZ2POESAGyMS40qwmxtCGGHnnIwzd4xDTSNm3fuRCLnjMM5Lc1tJZreYtFv6lUu60zpOV5EpUj/CV86Xup7ATu3+K96du9fjNfLyngqntUXEM95yvxFwv3df+j4iY6l5Qo1bs6lVyBE2IZGvTq3VhrV+950yt5EAqDgOTVMc1hygXpd9qMXZYxiAS/eMc8pVMWKb8S+XzLQdUqCtTXvwreaLJPc+ZZDxTbU9cSp42OlwlLC4aZMHejOinuaKh4OaoDc5XuRqPisdYWeCG7E43vxEszm15NRg4lsnBoMPknPNNDgCLrhu6/kNF5zZpRTBcDt/tIaSTp2oE51UULL+DbRQA7nDuwB0Bh+C7DJ/DVe1dQAxHjpBLKlKW58r0c9swb8IrH4O3x8WTzTSY+mHz4xvq+gt0phB4GPghcDD2fc+Om2oIx/hgm4hiGgQQRjBAbgCdERIXMEC5P45LJinr8cL4JC98Mr/YDJEIDsp78Ah5D7KT999o9sKU2kMvURPNnoT6FRe/rrKcFR7VanhQWYywxRbTCg3ZosFwVxrRDk9lUdlmPGVRtE/BNgsm6cOS7DOfjeLWSst6o4bNYS9h0AwYgWvHC6erGBgjbIYWrmckpnXCOTDdHJrJ9obrZlpauYdmXqp923hp6eASwLFM4U+aF5nsbaYKJp6lVGeoHyk0d7u+4clSr4ojhE0dtwte4HWF8zHiBrRzww8cz0+H1p+6BrjuQdCAF3Wgi9wRwEVjepCzS9uzCttKLy7qQXoKWy80OARhy7v3FLZXQpBdo9uy6JD3z+M5piECHbNrtssR31o1VxD+WDnayTYbtG0WANhhtJdK1KrjmgZLf+UKsTZTFWirNLmaSy6GUJMUDbPDqXMDWH3u3Mdeg6xODRkBd99v1ebeMEfpjZBqdZTm94JHP25G0DYBDN0OE7hgWvBdlfkn44vdNr6OfRB1qawAAQvKUeoKM9of2i5aV1QYfYi6Atl1xc/4ah+BOJbyu/gd4ysacgGURVfFxXCHCwAnlNVbJkvLwK6vn/emMXWgfuxOhVuqe9QKOorrUvbqGW3nJaaWnZkxty4bPNyK0eXirYTZGudwjFxVTxfKvEFoZt44MC7Cz8680YDT0bfo3NRxPFPvkOf3Od5aHd2GMo6rdT3XLz+1rmse6JjzAL3l0bTOTqLu9BVkW/m+pwPbV6OLi9tVhJ1Ydd1NwRGqCGzHfxDCKfCCqbJU9TbwPi/wyAcm8B0ZbeBdCHj7ELECHnx+4D3rjLEy/PeA3j5TqqCHnx56UP1RsbrOC7tOd0eCXj3W//Qro0H9d0p0+z8=</diagram></mxfile>