<mxfile userAgent="Mozilla/5.0 (Windows NT 10.0) AppleWebKit/537.36 (KHTML, like Gecko) Chrome/69.0.3497.100 Safari/537.36" version="9.2.1" editor="www.draw.io" type="github"><diagram name="Page-1" id="74e2e168-ea6b-b213-b513-2b3c1d86103e">7Vprb6s2GP41+bgIX7jkY9L2dJrOtErdtJ5PlRtc4hVwZJzbfv1MMAFjaEhDqnY9kaqG18aX5709r50Rukq2t4IsF7/zkMYj6ITbEboeQQiA46l/uWRXSFwXFYJIsFB3qgT37F+qhY6WrlhIM6Oj5DyWbGkK5zxN6VwaMiIE35jdnnlszrokEbUE93MS29K/WSgXh305VcOvlEULPXXg6oYnMn+JBF+ler4RRM/7T9GckHIs3T9bkJBvaiJ0M0JXgnNZfEu2VzTOsS1hK9771tF6WLegqezzglbLmsQrWq54vy65K7HY74bm/cEIzYiYa3UpXaFZSLLFvi1/yKTgL/SKx1zsX0XO/qNanlkcl/KUp+r1WSRIyNQqG+JijBJ0hcfM3pLe5ZoKSbc1kd7iLeUJlWKnuujWiUZbWyPWA2wq1bqlAhc1rbpwok1Km1N0GLmCVH3RqLYjjI8jbIC4kEmssVbGscy7JNsod7Mx2WRovGZCrkj8uBRsTSR9nMd8FTYgVtB/cwMXed04G3MOADFAJsalZdUxhjbEyDsfYegeh5iGyr/1IxdywSOekvimks4qM29o4R8q5U7bPFlJrkTVCN85X+p+Cjuxe8jfH7vl4w/z8Y4KprZHxTHcM74Sc710X8c/IiKqe0GNWr6rV5UjaEwkW5tRrQ1r/eodZ2olB6XiSWAq1XHNIYpF6bcaGjsso5cS/eM65CsZs1TFlzLmWwEoN1emovh38kTjO54xyXiq2p64lDypdZjGLMobZK69GdFPc6WGXDdHfXC+ytR4VDxGygM3ZHe6+w3gcW4jqsHAsVwOBi0u55zvcgBY6rqm6z9Udm4qLU+Gy/67PaR08lSO4LyKghV3sI0CwC3BHbgD4BB8yvTZ39TeBcTJwBlySUXCsky5fmY75vVk6mPw9rx4spsGY39S//iGuf4CnTEEHgb+BDgY+75n5001hGN8sK2IfBoEEEYwQG4AnQGIC+hh3B8nJJOEdURhfFIUPlm/2EyRCPbiPXgA3oNs8v4bTV+YMnvoxWqi2ZNQ36L82zTNWB5RrYZ7xWKELbY0rdCQDTUY4Uoj2hKpLFU2NZ6wMNxTsM2CSXq/JHvms1G6tWhZZ9awddipMGgmjMC184XTVgwMkTYnFq5nENOKcPakm32ZbGe6rtPSMjzUeamObcPR0t4lgGO5wp80y5nsTaoKJp4mVDPUj5Sa20Nff7LUaeIIYdPG7YIXeG3pfIi8AW1u+IHz+enQ+mPXANc9CGrwohZ0kTsAuGjICHJ2aXtWYVvaxUUjSEdh600MHYJJI7p3FLZTIciu1m2Zd8i65/Ec0xGBztmVtosR31o1lxB+LY52ss8GTZ8FALY47aWIWnlcU9PSX5lCrKmpErRVEk/nkos+qonzhtnh1LkGrD537tJeTVmtFjIA7r7fqM29foHSG4BqtZTmd4KHX5cRNF0AQ7fFBS5ICz5VmX8yvtht4uvYB1GXYgUIWFAOUleY2f7QdtG6osToQ9QVyK4rfuZX+wjEsYzfxe+YX1GfC6A0nOYXwy0hAJxQVm+ZLDwDu75+3rvG2IH6sZ0KN0z3qBe0FNeF7NUz2tZLTC07kzE3Lhs83MjRxeItwmyNczhGLqunCzFvMDGZNw6Mi/CzmTfqcTr6FpsbO45n2h3y/K7AW5mjWzPGYa2u4/rlp9W1zQMdcx6gtzyY1dkk6lZfQTaN7zMd2L6aXVzcrCJsYtV2NwUHqCKwnf8fHh7G+7/xg3obeP9f4JEPTOBbGG3gXQh4+xDxCwHvWWeMpeO/B/T2mdLXgR6UP1Qsr/Mmbae7A0GvHqtf+hXZoPo5Jbr5Dw==</diagram></mxfile>