<mxfile userAgent="Mozilla/5.0 (Windows NT 10.0) AppleWebKit/537.36 (KHTML, like Gecko) Chrome/69.0.3497.100 Safari/537.36" version="9.2.1" editor="www.draw.io" type="github"><diagram name="Page-1" id="74e2e168-ea6b-b213-b513-2b3c1d86103e">7Vprb6s2GP41+bjIxlw/Jm1Pp+lMq9RN6/lUucElXgFHxrnt18+ACRhDQxpSteuJVBVeG9s8z3u1maCrZHfL8Wr5OwtJPLFAuJug64llQQhc+S+X7EuJ46BSEHEaqk614J7+S5QQKOmahiTTOgrGYkFXunDB0pQshCbDnLOt3u2ZxfqsKxwRQ3C/wLEp/ZuGYnl4L1A3/EpotFRT+45qeMKLl4izdarmm1joufiVzQmuxlL9syUO2bYhQjcTdMUZE+VVsrsicY5tBVv53Lee1sO6OUnFkAcULRscr0m14mJdYl9hUbwNyfvDCZpjvlB0Sa7QPMTZsmjLbzLB2Qu5YjHjxaMIFD/Z8kzjuJKnLJWPzyOOQypX2RKXY1SgSzzm5iupt9wQLsiuIVKveEtYQgTfyy6qNVBoK2201QDbmlqnInDZYNWxAqVSSp2iw8g1pPJCodqNsH0cYQ3EpUhihbVUjlXeJdlFuZlN8TZD0w3lYo3jxxWnGyzI4yJm67AFsYT+m+M7yO3HWZtzBIgh0jGuNKuJsWVCjNzzEbac4xCTUNq3umVcLFnEUhzf1NJ5reYtFv4hQuyVzuO1YFJUj/CdsZXqJ7Hj+4f8+alT3f7Qb+8Ip/L1CD+Ge8bWfKGW7in/h3lEVC9LoZa/1avkcBJjQTe6V+vCWj16x6hcyYFUO/B1UoGjD1EuSj3VYuywjEEkesc5ZGsR01T6l8rnGw4oV1cqvfh3/ETiO5ZRQVkq256YECxpdJjFNMobRM7eHKu7haQh5+aoDS7WmRyP8MdIWuAW7083vxEszml5NcsHhslZfofJgfNNDkKDrmuy+UNG5zZpeTBcDX/bQ0jHT9UI4FUUDL9jmyhAu8O5Q2cEHPxPGT6Hq9q7gBiMHCFXhCc0y6TpZ6ZhXgczz4Zvj4snm6k/9YLmz9PU9RcLTC3o2tALILBtz3PNuCmHANrPNonIp0EQ2cjykeNbYITEBQ5Q7o/jknFCe7ywfZIXPplfWw+RyBqU99gj5D3ITN5/I+kLlWpvubGcaP7E5VWUX83SjOYe1Wi4l1kMN8UG0xIN0aJBc1cK0Q5PZVDZZjyhYVikYNslFeR+hYvMZyu5NdKy3qhhcthLmKUHDN8x4wXoKgbGCJuBgesZiWmdcA5MN4dmsr3hupmWVu6hmZcq3zZeWjq4BACGKfxJsjyTvUllwcTShKgM9SOF5m7XNzxZ6lVxhGxdx82CF7pd4XyMuGGZueEHjuenQ+tNHQ1c5yBowIs60EXOCOCiMT3I2aXtWYVtpRcX9SA9ha0baBzCoOXdewrbGed43+i2yjtk/fO4QDdEqGJ2zXY54lur5grCr5WjnWyzfttmIbQ6jPZSiVq1XdNg6a9MItZmqgJtncSzhWB8CDVx3jA/7Do3gFX7zn3sNcjq1JARcPe8Vm3uDnOU7gipVkdpfsdZ+HUzgrYJ2JbTYQIXTAs+VZl/Mr6208YXmBtRl8oKEDSgHKWu0KP9oe2idUWF0YeoK5BZV/yMr+YWCDCU37HfMb6iIQdAaTjLD4Y7XAA8oazeUVFahu146r4wjSmw1G13KtxS3aNW0FFcl7JX92g7DzGV7MyMuXXY4NqtGF0u3kiYjXEO28hV9XShzBsGeuZt+9pB+NmZNxqwO/oWnZsC4Op6h1yvz/HW6ug0lHFcres5fvmpdV3zWECfB6pXHk3rzCTqVh1BtpXvM23YvhpdHLtdRZiJVdfZlDVCFWGb8f/h4WFa/E0f5NPQ/f8CjzyoA9+R0fruhYA3NxG/EPCuscdYGf57QG/uKX0d6GH1oWJ1nBd07e5eDPrRPsczKXjbFkU+4B0WkpqcC5kfALlEAIv//V8bnEVBa9MImk7H69qkcMHpBMjb+lPLMhzX37Oim/8A</diagram></mxfile>